  [1m[36m (39.3ms)[0m  [1mCREATE TABLE `schema_migrations` (`version` varchar(255) NOT NULL) ENGINE=InnoDB[0m
  [1m[35m (25.5ms)[0m  CREATE UNIQUE INDEX `unique_schema_migrations`  ON `schema_migrations` (`version`) 
  [1m[36mActiveRecord::SchemaMigration Load (1.3ms)[0m  [1mSELECT `schema_migrations`.* FROM `schema_migrations`[0m
Migrating to CreateManuscripts (20170319040538)
  [1m[35m (29.6ms)[0m  CREATE TABLE `manuscripts` (`id` int(11) auto_increment PRIMARY KEY, `repository` varchar(255), `call_number` varchar(255), `ms_format` varchar(255), `created_at` datetime NOT NULL, `updated_at` datetime NOT NULL) ENGINE=InnoDB
  [1m[36m (0.3ms)[0m  [1mBEGIN[0m
  [1m[35mSQL (0.3ms)[0m  INSERT INTO `schema_migrations` (`version`) VALUES ('20170319040538')
  [1m[36m (6.0ms)[0m  [1mCOMMIT[0m
  [1m[35mActiveRecord::SchemaMigration Load (0.3ms)[0m  SELECT `schema_migrations`.* FROM `schema_migrations`
  [1m[36m (0.5ms)[0m  [1mSELECT fk.referenced_table_name as 'to_table'
      ,fk.referenced_column_name as 'primary_key'
      ,fk.column_name as 'column'
      ,fk.constraint_name as 'name'
FROM information_schema.key_column_usage fk
WHERE fk.referenced_column_name is not null
  AND fk.table_schema = 'needham'
  AND fk.table_name = 'manuscripts'
[0m
  [1m[35m (0.2ms)[0m  SHOW CREATE TABLE `manuscripts`
  [1m[36mActiveRecord::SchemaMigration Load (0.6ms)[0m  [1mSELECT `schema_migrations`.* FROM `schema_migrations`[0m
Migrating to CreatePapers (20170319044345)
  [1m[35m (30.0ms)[0m  CREATE TABLE `papers` (`id` int(11) auto_increment PRIMARY KEY, `paper_height` float, `paper_width` float, `chain_lines` varchar(255), `format` varchar(255), `name` varchar(255), `result` text, `created_at` datetime NOT NULL, `updated_at` datetime NOT NULL) ENGINE=InnoDB
  [1m[36m (0.3ms)[0m  [1mBEGIN[0m
  [1m[35mSQL (0.3ms)[0m  INSERT INTO `schema_migrations` (`version`) VALUES ('20170319044345')
  [1m[36m (6.0ms)[0m  [1mCOMMIT[0m
  [1m[35mActiveRecord::SchemaMigration Load (0.2ms)[0m  SELECT `schema_migrations`.* FROM `schema_migrations`
  [1m[36m (0.3ms)[0m  [1mSELECT fk.referenced_table_name as 'to_table'
      ,fk.referenced_column_name as 'primary_key'
      ,fk.column_name as 'column'
      ,fk.constraint_name as 'name'
FROM information_schema.key_column_usage fk
WHERE fk.referenced_column_name is not null
  AND fk.table_schema = 'needham'
  AND fk.table_name = 'manuscripts'
[0m
  [1m[35m (0.2ms)[0m  SHOW CREATE TABLE `manuscripts`
  [1m[36m (0.4ms)[0m  [1mSELECT fk.referenced_table_name as 'to_table'
      ,fk.referenced_column_name as 'primary_key'
      ,fk.column_name as 'column'
      ,fk.constraint_name as 'name'
FROM information_schema.key_column_usage fk
WHERE fk.referenced_column_name is not null
  AND fk.table_schema = 'needham'
  AND fk.table_name = 'papers'
[0m
  [1m[35m (0.3ms)[0m  SHOW CREATE TABLE `papers`


Started GET "/" for ::1 at 2017-03-19 00:53:59 -0400
  [1m[36mActiveRecord::SchemaMigration Load (0.4ms)[0m  [1mSELECT `schema_migrations`.* FROM `schema_migrations`[0m
Processing by Rails::WelcomeController#index as HTML
  Rendered /Users/Lumen/.rbenv/versions/2.2.5/lib/ruby/gems/2.2.0/gems/railties-4.2.5/lib/rails/templates/rails/welcome/index.html.erb (5.0ms)
Completed 200 OK in 40ms (Views: 26.8ms | ActiveRecord: 0.0ms)


Started GET "/" for ::1 at 2017-03-19 00:54:10 -0400
Processing by Rails::WelcomeController#index as HTML
  Rendered /Users/Lumen/.rbenv/versions/2.2.5/lib/ruby/gems/2.2.0/gems/railties-4.2.5/lib/rails/templates/rails/welcome/index.html.erb (0.1ms)
Completed 200 OK in 3ms (Views: 3.0ms | ActiveRecord: 0.0ms)


Started GET "/views/index" for ::1 at 2017-03-19 00:55:31 -0400

ActionController::RoutingError (No route matches [GET] "/views/index"):
  actionpack (4.2.5) lib/action_dispatch/middleware/debug_exceptions.rb:21:in `call'
  actionpack (4.2.5) lib/action_dispatch/middleware/show_exceptions.rb:30:in `call'
  railties (4.2.5) lib/rails/rack/logger.rb:38:in `call_app'
  railties (4.2.5) lib/rails/rack/logger.rb:20:in `block in call'
  activesupport (4.2.5) lib/active_support/tagged_logging.rb:68:in `block in tagged'
  activesupport (4.2.5) lib/active_support/tagged_logging.rb:26:in `tagged'
  activesupport (4.2.5) lib/active_support/tagged_logging.rb:68:in `tagged'
  railties (4.2.5) lib/rails/rack/logger.rb:20:in `call'
  sprockets-rails (3.2.0) lib/sprockets/rails/quiet_assets.rb:13:in `call'
  actionpack (4.2.5) lib/action_dispatch/middleware/request_id.rb:21:in `call'
  rack (1.6.4) lib/rack/methodoverride.rb:22:in `call'
  rack (1.6.4) lib/rack/runtime.rb:18:in `call'
  activesupport (4.2.5) lib/active_support/cache/strategy/local_cache_middleware.rb:28:in `call'
  rack (1.6.4) lib/rack/lock.rb:17:in `call'
  actionpack (4.2.5) lib/action_dispatch/middleware/static.rb:116:in `call'
  rack (1.6.4) lib/rack/sendfile.rb:113:in `call'
  railties (4.2.5) lib/rails/engine.rb:518:in `call'
  railties (4.2.5) lib/rails/application.rb:165:in `call'
  rack (1.6.4) lib/rack/content_length.rb:15:in `call'
  puma (2.16.0) lib/puma/server.rb:557:in `handle_request'
  puma (2.16.0) lib/puma/server.rb:404:in `process_client'
  puma (2.16.0) lib/puma/server.rb:270:in `block in run'
  puma (2.16.0) lib/puma/thread_pool.rb:106:in `call'
  puma (2.16.0) lib/puma/thread_pool.rb:106:in `block in spawn_thread'


  Rendered /Users/Lumen/.rbenv/versions/2.2.5/lib/ruby/gems/2.2.0/gems/actionpack-4.2.5/lib/action_dispatch/middleware/templates/rescues/_trace.html.erb (1.8ms)
  Rendered /Users/Lumen/.rbenv/versions/2.2.5/lib/ruby/gems/2.2.0/gems/actionpack-4.2.5/lib/action_dispatch/middleware/templates/routes/_route.html.erb (1.7ms)
  Rendered /Users/Lumen/.rbenv/versions/2.2.5/lib/ruby/gems/2.2.0/gems/actionpack-4.2.5/lib/action_dispatch/middleware/templates/routes/_table.html.erb (19.8ms)
  Rendered /Users/Lumen/.rbenv/versions/2.2.5/lib/ruby/gems/2.2.0/gems/actionpack-4.2.5/lib/action_dispatch/middleware/templates/rescues/_request_and_response.html.erb (1.4ms)
  Rendered /Users/Lumen/.rbenv/versions/2.2.5/lib/ruby/gems/2.2.0/gems/actionpack-4.2.5/lib/action_dispatch/middleware/templates/rescues/routing_error.html.erb within rescues/layout (138.6ms)


Started GET "/index" for ::1 at 2017-03-19 00:55:44 -0400

ActionController::RoutingError (No route matches [GET] "/index"):
  actionpack (4.2.5) lib/action_dispatch/middleware/debug_exceptions.rb:21:in `call'
  actionpack (4.2.5) lib/action_dispatch/middleware/show_exceptions.rb:30:in `call'
  railties (4.2.5) lib/rails/rack/logger.rb:38:in `call_app'
  railties (4.2.5) lib/rails/rack/logger.rb:20:in `block in call'
  activesupport (4.2.5) lib/active_support/tagged_logging.rb:68:in `block in tagged'
  activesupport (4.2.5) lib/active_support/tagged_logging.rb:26:in `tagged'
  activesupport (4.2.5) lib/active_support/tagged_logging.rb:68:in `tagged'
  railties (4.2.5) lib/rails/rack/logger.rb:20:in `call'
  sprockets-rails (3.2.0) lib/sprockets/rails/quiet_assets.rb:13:in `call'
  actionpack (4.2.5) lib/action_dispatch/middleware/request_id.rb:21:in `call'
  rack (1.6.4) lib/rack/methodoverride.rb:22:in `call'
  rack (1.6.4) lib/rack/runtime.rb:18:in `call'
  activesupport (4.2.5) lib/active_support/cache/strategy/local_cache_middleware.rb:28:in `call'
  rack (1.6.4) lib/rack/lock.rb:17:in `call'
  actionpack (4.2.5) lib/action_dispatch/middleware/static.rb:116:in `call'
  rack (1.6.4) lib/rack/sendfile.rb:113:in `call'
  railties (4.2.5) lib/rails/engine.rb:518:in `call'
  railties (4.2.5) lib/rails/application.rb:165:in `call'
  rack (1.6.4) lib/rack/content_length.rb:15:in `call'
  puma (2.16.0) lib/puma/server.rb:557:in `handle_request'
  puma (2.16.0) lib/puma/server.rb:404:in `process_client'
  puma (2.16.0) lib/puma/server.rb:270:in `block in run'
  puma (2.16.0) lib/puma/thread_pool.rb:106:in `call'
  puma (2.16.0) lib/puma/thread_pool.rb:106:in `block in spawn_thread'


  Rendered /Users/Lumen/.rbenv/versions/2.2.5/lib/ruby/gems/2.2.0/gems/actionpack-4.2.5/lib/action_dispatch/middleware/templates/rescues/_trace.html.erb (4.2ms)
  Rendered /Users/Lumen/.rbenv/versions/2.2.5/lib/ruby/gems/2.2.0/gems/actionpack-4.2.5/lib/action_dispatch/middleware/templates/routes/_route.html.erb (3.8ms)
  Rendered /Users/Lumen/.rbenv/versions/2.2.5/lib/ruby/gems/2.2.0/gems/actionpack-4.2.5/lib/action_dispatch/middleware/templates/routes/_table.html.erb (4.1ms)
  Rendered /Users/Lumen/.rbenv/versions/2.2.5/lib/ruby/gems/2.2.0/gems/actionpack-4.2.5/lib/action_dispatch/middleware/templates/rescues/_request_and_response.html.erb (2.3ms)
  Rendered /Users/Lumen/.rbenv/versions/2.2.5/lib/ruby/gems/2.2.0/gems/actionpack-4.2.5/lib/action_dispatch/middleware/templates/rescues/routing_error.html.erb within rescues/layout (133.8ms)


Started GET "/manuscript" for ::1 at 2017-03-19 00:58:46 -0400

ActionController::RoutingError (No route matches [GET] "/manuscript"):
  actionpack (4.2.5) lib/action_dispatch/middleware/debug_exceptions.rb:21:in `call'
  actionpack (4.2.5) lib/action_dispatch/middleware/show_exceptions.rb:30:in `call'
  railties (4.2.5) lib/rails/rack/logger.rb:38:in `call_app'
  railties (4.2.5) lib/rails/rack/logger.rb:20:in `block in call'
  activesupport (4.2.5) lib/active_support/tagged_logging.rb:68:in `block in tagged'
  activesupport (4.2.5) lib/active_support/tagged_logging.rb:26:in `tagged'
  activesupport (4.2.5) lib/active_support/tagged_logging.rb:68:in `tagged'
  railties (4.2.5) lib/rails/rack/logger.rb:20:in `call'
  sprockets-rails (3.2.0) lib/sprockets/rails/quiet_assets.rb:13:in `call'
  actionpack (4.2.5) lib/action_dispatch/middleware/request_id.rb:21:in `call'
  rack (1.6.4) lib/rack/methodoverride.rb:22:in `call'
  rack (1.6.4) lib/rack/runtime.rb:18:in `call'
  activesupport (4.2.5) lib/active_support/cache/strategy/local_cache_middleware.rb:28:in `call'
  rack (1.6.4) lib/rack/lock.rb:17:in `call'
  actionpack (4.2.5) lib/action_dispatch/middleware/static.rb:116:in `call'
  rack (1.6.4) lib/rack/sendfile.rb:113:in `call'
  railties (4.2.5) lib/rails/engine.rb:518:in `call'
  railties (4.2.5) lib/rails/application.rb:165:in `call'
  rack (1.6.4) lib/rack/content_length.rb:15:in `call'
  puma (2.16.0) lib/puma/server.rb:557:in `handle_request'
  puma (2.16.0) lib/puma/server.rb:404:in `process_client'
  puma (2.16.0) lib/puma/server.rb:270:in `block in run'
  puma (2.16.0) lib/puma/thread_pool.rb:106:in `call'
  puma (2.16.0) lib/puma/thread_pool.rb:106:in `block in spawn_thread'


  Rendered /Users/Lumen/.rbenv/versions/2.2.5/lib/ruby/gems/2.2.0/gems/actionpack-4.2.5/lib/action_dispatch/middleware/templates/rescues/_trace.html.erb (3.6ms)
  Rendered /Users/Lumen/.rbenv/versions/2.2.5/lib/ruby/gems/2.2.0/gems/actionpack-4.2.5/lib/action_dispatch/middleware/templates/routes/_route.html.erb (3.5ms)
  Rendered /Users/Lumen/.rbenv/versions/2.2.5/lib/ruby/gems/2.2.0/gems/actionpack-4.2.5/lib/action_dispatch/middleware/templates/routes/_table.html.erb (2.2ms)
  Rendered /Users/Lumen/.rbenv/versions/2.2.5/lib/ruby/gems/2.2.0/gems/actionpack-4.2.5/lib/action_dispatch/middleware/templates/rescues/_request_and_response.html.erb (1.6ms)
  Rendered /Users/Lumen/.rbenv/versions/2.2.5/lib/ruby/gems/2.2.0/gems/actionpack-4.2.5/lib/action_dispatch/middleware/templates/rescues/routing_error.html.erb within rescues/layout (146.6ms)


Started GET "/manuscripts" for ::1 at 2017-03-19 00:59:20 -0400
Processing by ManuscriptsController#index as HTML
  [1m[35mManuscript Load (0.7ms)[0m  SELECT `manuscripts`.* FROM `manuscripts`
  Rendered manuscripts/index.html.erb within layouts/application (7.3ms)
Completed 500 Internal Server Error in 755ms (ActiveRecord: 2.2ms)

ActionView::Template::Error (couldn't find file 'action_cable' with type 'application/javascript'
Checked in these paths: 
  /Users/Lumen/workspace/paper-sizer/app/assets/config
  /Users/Lumen/workspace/paper-sizer/app/assets/images
  /Users/Lumen/workspace/paper-sizer/app/assets/javascripts
  /Users/Lumen/workspace/paper-sizer/app/assets/stylesheets
  /Users/Lumen/workspace/paper-sizer/vendor/assets/javascripts
  /Users/Lumen/workspace/paper-sizer/vendor/assets/stylesheets
  /Users/Lumen/.rbenv/versions/2.2.5/lib/ruby/gems/2.2.0/gems/jquery-cropper-2.3.2/app/assets/javascripts
  /Users/Lumen/.rbenv/versions/2.2.5/lib/ruby/gems/2.2.0/gems/jquery-cropper-2.3.2/app/assets/stylesheets
  /Users/Lumen/.rbenv/versions/2.2.5/lib/ruby/gems/2.2.0/gems/rails-jquery-autocomplete-1.0.3/lib/assets/javascripts
  /Users/Lumen/.rbenv/versions/2.2.5/lib/ruby/gems/2.2.0/gems/jquery-turbolinks-2.1.0/vendor/assets/javascripts
  /Users/Lumen/.rbenv/versions/2.2.5/lib/ruby/gems/2.2.0/gems/turbolinks-2.5.3/lib/assets/javascripts
  /Users/Lumen/.rbenv/versions/2.2.5/lib/ruby/gems/2.2.0/gems/jquery-ui-rails-5.0.5/app/assets/images
  /Users/Lumen/.rbenv/versions/2.2.5/lib/ruby/gems/2.2.0/gems/jquery-ui-rails-5.0.5/app/assets/javascripts
  /Users/Lumen/.rbenv/versions/2.2.5/lib/ruby/gems/2.2.0/gems/jquery-ui-rails-5.0.5/app/assets/stylesheets
  /Users/Lumen/.rbenv/versions/2.2.5/lib/ruby/gems/2.2.0/gems/jquery-rails-4.1.1/vendor/assets/javascripts
  /Users/Lumen/.rbenv/versions/2.2.5/lib/ruby/gems/2.2.0/gems/coffee-rails-4.1.1/lib/assets/javascripts):
    4:     <title>PaperSizer</title>
    5:     <%= csrf_meta_tags %>
    6: 
    7:     <%= stylesheet_link_tag    'application', media: 'all', 'data-turbolinks-track': 'reload' %>
    8:     <%= javascript_include_tag 'application', 'data-turbolinks-track': 'reload' %>
    9:   </head>
   10: 
  app/assets/javascripts/cable.js:4
  app/views/layouts/application.html.erb:7:in `_app_views_layouts_application_html_erb__2017740482555181611_70105046837060'


  Rendered /Users/Lumen/.rbenv/versions/2.2.5/lib/ruby/gems/2.2.0/gems/actionpack-4.2.5/lib/action_dispatch/middleware/templates/rescues/_source.erb (13.9ms)
  Rendered /Users/Lumen/.rbenv/versions/2.2.5/lib/ruby/gems/2.2.0/gems/actionpack-4.2.5/lib/action_dispatch/middleware/templates/rescues/_trace.html.erb (5.0ms)
  Rendered /Users/Lumen/.rbenv/versions/2.2.5/lib/ruby/gems/2.2.0/gems/actionpack-4.2.5/lib/action_dispatch/middleware/templates/rescues/_request_and_response.html.erb (1.7ms)
  Rendered /Users/Lumen/.rbenv/versions/2.2.5/lib/ruby/gems/2.2.0/gems/actionpack-4.2.5/lib/action_dispatch/middleware/templates/rescues/template_error.html.erb within rescues/layout (93.0ms)


Started GET "/manuscripts/form" for ::1 at 2017-03-19 00:59:40 -0400
Processing by ManuscriptsController#show as HTML
  Parameters: {"id"=>"form"}
  [1m[36mManuscript Load (0.5ms)[0m  [1mSELECT  `manuscripts`.* FROM `manuscripts` WHERE `manuscripts`.`id` = 0 LIMIT 1[0m
Completed 404 Not Found in 17ms (ActiveRecord: 1.0ms)

ActiveRecord::RecordNotFound (Couldn't find Manuscript with 'id'=form):
  app/controllers/manuscripts_controller.rb:67:in `set_manuscript'


  Rendered /Users/Lumen/.rbenv/versions/2.2.5/lib/ruby/gems/2.2.0/gems/actionpack-4.2.5/lib/action_dispatch/middleware/templates/rescues/_source.erb (5.1ms)
  Rendered /Users/Lumen/.rbenv/versions/2.2.5/lib/ruby/gems/2.2.0/gems/actionpack-4.2.5/lib/action_dispatch/middleware/templates/rescues/_trace.html.erb (4.4ms)
  Rendered /Users/Lumen/.rbenv/versions/2.2.5/lib/ruby/gems/2.2.0/gems/actionpack-4.2.5/lib/action_dispatch/middleware/templates/rescues/_request_and_response.html.erb (1.1ms)
  Rendered /Users/Lumen/.rbenv/versions/2.2.5/lib/ruby/gems/2.2.0/gems/actionpack-4.2.5/lib/action_dispatch/middleware/templates/rescues/diagnostics.html.erb within rescues/layout (106.5ms)


Started GET "/manuscripts/index" for ::1 at 2017-03-19 01:00:05 -0400
Processing by ManuscriptsController#show as HTML
  Parameters: {"id"=>"index"}
  [1m[35mManuscript Load (0.4ms)[0m  SELECT  `manuscripts`.* FROM `manuscripts` WHERE `manuscripts`.`id` = 0 LIMIT 1
Completed 404 Not Found in 2ms (ActiveRecord: 0.4ms)

ActiveRecord::RecordNotFound (Couldn't find Manuscript with 'id'=index):
  app/controllers/manuscripts_controller.rb:67:in `set_manuscript'


  Rendered /Users/Lumen/.rbenv/versions/2.2.5/lib/ruby/gems/2.2.0/gems/actionpack-4.2.5/lib/action_dispatch/middleware/templates/rescues/_source.erb (7.3ms)
  Rendered /Users/Lumen/.rbenv/versions/2.2.5/lib/ruby/gems/2.2.0/gems/actionpack-4.2.5/lib/action_dispatch/middleware/templates/rescues/_trace.html.erb (2.0ms)
  Rendered /Users/Lumen/.rbenv/versions/2.2.5/lib/ruby/gems/2.2.0/gems/actionpack-4.2.5/lib/action_dispatch/middleware/templates/rescues/_request_and_response.html.erb (0.9ms)
  Rendered /Users/Lumen/.rbenv/versions/2.2.5/lib/ruby/gems/2.2.0/gems/actionpack-4.2.5/lib/action_dispatch/middleware/templates/rescues/diagnostics.html.erb within rescues/layout (96.2ms)


Started GET "/manuscripts_form" for ::1 at 2017-03-19 01:00:30 -0400

ActionController::RoutingError (No route matches [GET] "/manuscripts_form"):
  actionpack (4.2.5) lib/action_dispatch/middleware/debug_exceptions.rb:21:in `call'
  actionpack (4.2.5) lib/action_dispatch/middleware/show_exceptions.rb:30:in `call'
  railties (4.2.5) lib/rails/rack/logger.rb:38:in `call_app'
  railties (4.2.5) lib/rails/rack/logger.rb:20:in `block in call'
  activesupport (4.2.5) lib/active_support/tagged_logging.rb:68:in `block in tagged'
  activesupport (4.2.5) lib/active_support/tagged_logging.rb:26:in `tagged'
  activesupport (4.2.5) lib/active_support/tagged_logging.rb:68:in `tagged'
  railties (4.2.5) lib/rails/rack/logger.rb:20:in `call'
  sprockets-rails (3.2.0) lib/sprockets/rails/quiet_assets.rb:13:in `call'
  actionpack (4.2.5) lib/action_dispatch/middleware/request_id.rb:21:in `call'
  rack (1.6.4) lib/rack/methodoverride.rb:22:in `call'
  rack (1.6.4) lib/rack/runtime.rb:18:in `call'
  activesupport (4.2.5) lib/active_support/cache/strategy/local_cache_middleware.rb:28:in `call'
  rack (1.6.4) lib/rack/lock.rb:17:in `call'
  actionpack (4.2.5) lib/action_dispatch/middleware/static.rb:116:in `call'
  rack (1.6.4) lib/rack/sendfile.rb:113:in `call'
  railties (4.2.5) lib/rails/engine.rb:518:in `call'
  railties (4.2.5) lib/rails/application.rb:165:in `call'
  rack (1.6.4) lib/rack/content_length.rb:15:in `call'
  puma (2.16.0) lib/puma/server.rb:557:in `handle_request'
  puma (2.16.0) lib/puma/server.rb:404:in `process_client'
  puma (2.16.0) lib/puma/server.rb:270:in `block in run'
  puma (2.16.0) lib/puma/thread_pool.rb:106:in `call'
  puma (2.16.0) lib/puma/thread_pool.rb:106:in `block in spawn_thread'


  Rendered /Users/Lumen/.rbenv/versions/2.2.5/lib/ruby/gems/2.2.0/gems/actionpack-4.2.5/lib/action_dispatch/middleware/templates/rescues/_trace.html.erb (2.1ms)
  Rendered /Users/Lumen/.rbenv/versions/2.2.5/lib/ruby/gems/2.2.0/gems/actionpack-4.2.5/lib/action_dispatch/middleware/templates/routes/_route.html.erb (15.6ms)
  Rendered /Users/Lumen/.rbenv/versions/2.2.5/lib/ruby/gems/2.2.0/gems/actionpack-4.2.5/lib/action_dispatch/middleware/templates/routes/_table.html.erb (2.5ms)
  Rendered /Users/Lumen/.rbenv/versions/2.2.5/lib/ruby/gems/2.2.0/gems/actionpack-4.2.5/lib/action_dispatch/middleware/templates/rescues/_request_and_response.html.erb (1.9ms)
  Rendered /Users/Lumen/.rbenv/versions/2.2.5/lib/ruby/gems/2.2.0/gems/actionpack-4.2.5/lib/action_dispatch/middleware/templates/rescues/routing_error.html.erb within rescues/layout (163.2ms)


Started GET "/manuscripts/form" for ::1 at 2017-03-19 01:00:58 -0400
Processing by ManuscriptsController#show as HTML
  Parameters: {"id"=>"form"}
  [1m[36mManuscript Load (0.4ms)[0m  [1mSELECT  `manuscripts`.* FROM `manuscripts` WHERE `manuscripts`.`id` = 0 LIMIT 1[0m
Completed 404 Not Found in 2ms (ActiveRecord: 0.4ms)

ActiveRecord::RecordNotFound (Couldn't find Manuscript with 'id'=form):
  app/controllers/manuscripts_controller.rb:67:in `set_manuscript'


  Rendered /Users/Lumen/.rbenv/versions/2.2.5/lib/ruby/gems/2.2.0/gems/actionpack-4.2.5/lib/action_dispatch/middleware/templates/rescues/_source.erb (8.4ms)
  Rendered /Users/Lumen/.rbenv/versions/2.2.5/lib/ruby/gems/2.2.0/gems/actionpack-4.2.5/lib/action_dispatch/middleware/templates/rescues/_trace.html.erb (4.3ms)
  Rendered /Users/Lumen/.rbenv/versions/2.2.5/lib/ruby/gems/2.2.0/gems/actionpack-4.2.5/lib/action_dispatch/middleware/templates/rescues/_request_and_response.html.erb (1.7ms)
  Rendered /Users/Lumen/.rbenv/versions/2.2.5/lib/ruby/gems/2.2.0/gems/actionpack-4.2.5/lib/action_dispatch/middleware/templates/rescues/diagnostics.html.erb within rescues/layout (111.5ms)


Started GET "/manuscript/form" for ::1 at 2017-03-19 01:01:20 -0400

ActionController::RoutingError (No route matches [GET] "/manuscript/form"):
  actionpack (4.2.5) lib/action_dispatch/middleware/debug_exceptions.rb:21:in `call'
  actionpack (4.2.5) lib/action_dispatch/middleware/show_exceptions.rb:30:in `call'
  railties (4.2.5) lib/rails/rack/logger.rb:38:in `call_app'
  railties (4.2.5) lib/rails/rack/logger.rb:20:in `block in call'
  activesupport (4.2.5) lib/active_support/tagged_logging.rb:68:in `block in tagged'
  activesupport (4.2.5) lib/active_support/tagged_logging.rb:26:in `tagged'
  activesupport (4.2.5) lib/active_support/tagged_logging.rb:68:in `tagged'
  railties (4.2.5) lib/rails/rack/logger.rb:20:in `call'
  sprockets-rails (3.2.0) lib/sprockets/rails/quiet_assets.rb:13:in `call'
  actionpack (4.2.5) lib/action_dispatch/middleware/request_id.rb:21:in `call'
  rack (1.6.4) lib/rack/methodoverride.rb:22:in `call'
  rack (1.6.4) lib/rack/runtime.rb:18:in `call'
  activesupport (4.2.5) lib/active_support/cache/strategy/local_cache_middleware.rb:28:in `call'
  rack (1.6.4) lib/rack/lock.rb:17:in `call'
  actionpack (4.2.5) lib/action_dispatch/middleware/static.rb:116:in `call'
  rack (1.6.4) lib/rack/sendfile.rb:113:in `call'
  railties (4.2.5) lib/rails/engine.rb:518:in `call'
  railties (4.2.5) lib/rails/application.rb:165:in `call'
  rack (1.6.4) lib/rack/content_length.rb:15:in `call'
  puma (2.16.0) lib/puma/server.rb:557:in `handle_request'
  puma (2.16.0) lib/puma/server.rb:404:in `process_client'
  puma (2.16.0) lib/puma/server.rb:270:in `block in run'
  puma (2.16.0) lib/puma/thread_pool.rb:106:in `call'
  puma (2.16.0) lib/puma/thread_pool.rb:106:in `block in spawn_thread'


  Rendered /Users/Lumen/.rbenv/versions/2.2.5/lib/ruby/gems/2.2.0/gems/actionpack-4.2.5/lib/action_dispatch/middleware/templates/rescues/_trace.html.erb (2.8ms)
  Rendered /Users/Lumen/.rbenv/versions/2.2.5/lib/ruby/gems/2.2.0/gems/actionpack-4.2.5/lib/action_dispatch/middleware/templates/routes/_route.html.erb (3.7ms)
  Rendered /Users/Lumen/.rbenv/versions/2.2.5/lib/ruby/gems/2.2.0/gems/actionpack-4.2.5/lib/action_dispatch/middleware/templates/routes/_table.html.erb (1.8ms)
  Rendered /Users/Lumen/.rbenv/versions/2.2.5/lib/ruby/gems/2.2.0/gems/actionpack-4.2.5/lib/action_dispatch/middleware/templates/rescues/_request_and_response.html.erb (1.2ms)
  Rendered /Users/Lumen/.rbenv/versions/2.2.5/lib/ruby/gems/2.2.0/gems/actionpack-4.2.5/lib/action_dispatch/middleware/templates/rescues/routing_error.html.erb within rescues/layout (137.9ms)


Started GET "/manuscript/index" for ::1 at 2017-03-19 01:01:27 -0400

ActionController::RoutingError (No route matches [GET] "/manuscript/index"):
  actionpack (4.2.5) lib/action_dispatch/middleware/debug_exceptions.rb:21:in `call'
  actionpack (4.2.5) lib/action_dispatch/middleware/show_exceptions.rb:30:in `call'
  railties (4.2.5) lib/rails/rack/logger.rb:38:in `call_app'
  railties (4.2.5) lib/rails/rack/logger.rb:20:in `block in call'
  activesupport (4.2.5) lib/active_support/tagged_logging.rb:68:in `block in tagged'
  activesupport (4.2.5) lib/active_support/tagged_logging.rb:26:in `tagged'
  activesupport (4.2.5) lib/active_support/tagged_logging.rb:68:in `tagged'
  railties (4.2.5) lib/rails/rack/logger.rb:20:in `call'
  sprockets-rails (3.2.0) lib/sprockets/rails/quiet_assets.rb:13:in `call'
  actionpack (4.2.5) lib/action_dispatch/middleware/request_id.rb:21:in `call'
  rack (1.6.4) lib/rack/methodoverride.rb:22:in `call'
  rack (1.6.4) lib/rack/runtime.rb:18:in `call'
  activesupport (4.2.5) lib/active_support/cache/strategy/local_cache_middleware.rb:28:in `call'
  rack (1.6.4) lib/rack/lock.rb:17:in `call'
  actionpack (4.2.5) lib/action_dispatch/middleware/static.rb:116:in `call'
  rack (1.6.4) lib/rack/sendfile.rb:113:in `call'
  railties (4.2.5) lib/rails/engine.rb:518:in `call'
  railties (4.2.5) lib/rails/application.rb:165:in `call'
  rack (1.6.4) lib/rack/content_length.rb:15:in `call'
  puma (2.16.0) lib/puma/server.rb:557:in `handle_request'
  puma (2.16.0) lib/puma/server.rb:404:in `process_client'
  puma (2.16.0) lib/puma/server.rb:270:in `block in run'
  puma (2.16.0) lib/puma/thread_pool.rb:106:in `call'
  puma (2.16.0) lib/puma/thread_pool.rb:106:in `block in spawn_thread'


  Rendered /Users/Lumen/.rbenv/versions/2.2.5/lib/ruby/gems/2.2.0/gems/actionpack-4.2.5/lib/action_dispatch/middleware/templates/rescues/_trace.html.erb (1.6ms)
  Rendered /Users/Lumen/.rbenv/versions/2.2.5/lib/ruby/gems/2.2.0/gems/actionpack-4.2.5/lib/action_dispatch/middleware/templates/routes/_route.html.erb (1.2ms)
  Rendered /Users/Lumen/.rbenv/versions/2.2.5/lib/ruby/gems/2.2.0/gems/actionpack-4.2.5/lib/action_dispatch/middleware/templates/routes/_table.html.erb (1.9ms)
  Rendered /Users/Lumen/.rbenv/versions/2.2.5/lib/ruby/gems/2.2.0/gems/actionpack-4.2.5/lib/action_dispatch/middleware/templates/rescues/_request_and_response.html.erb (1.1ms)
  Rendered /Users/Lumen/.rbenv/versions/2.2.5/lib/ruby/gems/2.2.0/gems/actionpack-4.2.5/lib/action_dispatch/middleware/templates/rescues/routing_error.html.erb within rescues/layout (105.9ms)


Started GET "/manuscript/show" for ::1 at 2017-03-19 01:02:11 -0400

ActionController::RoutingError (No route matches [GET] "/manuscript/show"):
  actionpack (4.2.5) lib/action_dispatch/middleware/debug_exceptions.rb:21:in `call'
  actionpack (4.2.5) lib/action_dispatch/middleware/show_exceptions.rb:30:in `call'
  railties (4.2.5) lib/rails/rack/logger.rb:38:in `call_app'
  railties (4.2.5) lib/rails/rack/logger.rb:20:in `block in call'
  activesupport (4.2.5) lib/active_support/tagged_logging.rb:68:in `block in tagged'
  activesupport (4.2.5) lib/active_support/tagged_logging.rb:26:in `tagged'
  activesupport (4.2.5) lib/active_support/tagged_logging.rb:68:in `tagged'
  railties (4.2.5) lib/rails/rack/logger.rb:20:in `call'
  sprockets-rails (3.2.0) lib/sprockets/rails/quiet_assets.rb:13:in `call'
  actionpack (4.2.5) lib/action_dispatch/middleware/request_id.rb:21:in `call'
  rack (1.6.4) lib/rack/methodoverride.rb:22:in `call'
  rack (1.6.4) lib/rack/runtime.rb:18:in `call'
  activesupport (4.2.5) lib/active_support/cache/strategy/local_cache_middleware.rb:28:in `call'
  rack (1.6.4) lib/rack/lock.rb:17:in `call'
  actionpack (4.2.5) lib/action_dispatch/middleware/static.rb:116:in `call'
  rack (1.6.4) lib/rack/sendfile.rb:113:in `call'
  railties (4.2.5) lib/rails/engine.rb:518:in `call'
  railties (4.2.5) lib/rails/application.rb:165:in `call'
  rack (1.6.4) lib/rack/content_length.rb:15:in `call'
  puma (2.16.0) lib/puma/server.rb:557:in `handle_request'
  puma (2.16.0) lib/puma/server.rb:404:in `process_client'
  puma (2.16.0) lib/puma/server.rb:270:in `block in run'
  puma (2.16.0) lib/puma/thread_pool.rb:106:in `call'
  puma (2.16.0) lib/puma/thread_pool.rb:106:in `block in spawn_thread'


  Rendered /Users/Lumen/.rbenv/versions/2.2.5/lib/ruby/gems/2.2.0/gems/actionpack-4.2.5/lib/action_dispatch/middleware/templates/rescues/_trace.html.erb (4.0ms)
  Rendered /Users/Lumen/.rbenv/versions/2.2.5/lib/ruby/gems/2.2.0/gems/actionpack-4.2.5/lib/action_dispatch/middleware/templates/routes/_route.html.erb (17.7ms)
  Rendered /Users/Lumen/.rbenv/versions/2.2.5/lib/ruby/gems/2.2.0/gems/actionpack-4.2.5/lib/action_dispatch/middleware/templates/routes/_table.html.erb (2.1ms)
  Rendered /Users/Lumen/.rbenv/versions/2.2.5/lib/ruby/gems/2.2.0/gems/actionpack-4.2.5/lib/action_dispatch/middleware/templates/rescues/_request_and_response.html.erb (1.6ms)
  Rendered /Users/Lumen/.rbenv/versions/2.2.5/lib/ruby/gems/2.2.0/gems/actionpack-4.2.5/lib/action_dispatch/middleware/templates/rescues/routing_error.html.erb within rescues/layout (489.1ms)


Started GET "/manuscript/:id" for ::1 at 2017-03-19 01:02:31 -0400

ActionController::RoutingError (No route matches [GET] "/manuscript/:id"):
  actionpack (4.2.5) lib/action_dispatch/middleware/debug_exceptions.rb:21:in `call'
  actionpack (4.2.5) lib/action_dispatch/middleware/show_exceptions.rb:30:in `call'
  railties (4.2.5) lib/rails/rack/logger.rb:38:in `call_app'
  railties (4.2.5) lib/rails/rack/logger.rb:20:in `block in call'
  activesupport (4.2.5) lib/active_support/tagged_logging.rb:68:in `block in tagged'
  activesupport (4.2.5) lib/active_support/tagged_logging.rb:26:in `tagged'
  activesupport (4.2.5) lib/active_support/tagged_logging.rb:68:in `tagged'
  railties (4.2.5) lib/rails/rack/logger.rb:20:in `call'
  sprockets-rails (3.2.0) lib/sprockets/rails/quiet_assets.rb:13:in `call'
  actionpack (4.2.5) lib/action_dispatch/middleware/request_id.rb:21:in `call'
  rack (1.6.4) lib/rack/methodoverride.rb:22:in `call'
  rack (1.6.4) lib/rack/runtime.rb:18:in `call'
  activesupport (4.2.5) lib/active_support/cache/strategy/local_cache_middleware.rb:28:in `call'
  rack (1.6.4) lib/rack/lock.rb:17:in `call'
  actionpack (4.2.5) lib/action_dispatch/middleware/static.rb:116:in `call'
  rack (1.6.4) lib/rack/sendfile.rb:113:in `call'
  railties (4.2.5) lib/rails/engine.rb:518:in `call'
  railties (4.2.5) lib/rails/application.rb:165:in `call'
  rack (1.6.4) lib/rack/content_length.rb:15:in `call'
  puma (2.16.0) lib/puma/server.rb:557:in `handle_request'
  puma (2.16.0) lib/puma/server.rb:404:in `process_client'
  puma (2.16.0) lib/puma/server.rb:270:in `block in run'
  puma (2.16.0) lib/puma/thread_pool.rb:106:in `call'
  puma (2.16.0) lib/puma/thread_pool.rb:106:in `block in spawn_thread'


  Rendered /Users/Lumen/.rbenv/versions/2.2.5/lib/ruby/gems/2.2.0/gems/actionpack-4.2.5/lib/action_dispatch/middleware/templates/rescues/_trace.html.erb (1.4ms)
  Rendered /Users/Lumen/.rbenv/versions/2.2.5/lib/ruby/gems/2.2.0/gems/actionpack-4.2.5/lib/action_dispatch/middleware/templates/routes/_route.html.erb (1.7ms)
  Rendered /Users/Lumen/.rbenv/versions/2.2.5/lib/ruby/gems/2.2.0/gems/actionpack-4.2.5/lib/action_dispatch/middleware/templates/routes/_table.html.erb (13.3ms)
  Rendered /Users/Lumen/.rbenv/versions/2.2.5/lib/ruby/gems/2.2.0/gems/actionpack-4.2.5/lib/action_dispatch/middleware/templates/rescues/_request_and_response.html.erb (1.4ms)
  Rendered /Users/Lumen/.rbenv/versions/2.2.5/lib/ruby/gems/2.2.0/gems/actionpack-4.2.5/lib/action_dispatch/middleware/templates/rescues/routing_error.html.erb within rescues/layout (116.9ms)


Started GET "/manuscrips_url" for ::1 at 2017-03-19 01:03:07 -0400

ActionController::RoutingError (No route matches [GET] "/manuscrips_url"):
  actionpack (4.2.5) lib/action_dispatch/middleware/debug_exceptions.rb:21:in `call'
  actionpack (4.2.5) lib/action_dispatch/middleware/show_exceptions.rb:30:in `call'
  railties (4.2.5) lib/rails/rack/logger.rb:38:in `call_app'
  railties (4.2.5) lib/rails/rack/logger.rb:20:in `block in call'
  activesupport (4.2.5) lib/active_support/tagged_logging.rb:68:in `block in tagged'
  activesupport (4.2.5) lib/active_support/tagged_logging.rb:26:in `tagged'
  activesupport (4.2.5) lib/active_support/tagged_logging.rb:68:in `tagged'
  railties (4.2.5) lib/rails/rack/logger.rb:20:in `call'
  sprockets-rails (3.2.0) lib/sprockets/rails/quiet_assets.rb:13:in `call'
  actionpack (4.2.5) lib/action_dispatch/middleware/request_id.rb:21:in `call'
  rack (1.6.4) lib/rack/methodoverride.rb:22:in `call'
  rack (1.6.4) lib/rack/runtime.rb:18:in `call'
  activesupport (4.2.5) lib/active_support/cache/strategy/local_cache_middleware.rb:28:in `call'
  rack (1.6.4) lib/rack/lock.rb:17:in `call'
  actionpack (4.2.5) lib/action_dispatch/middleware/static.rb:116:in `call'
  rack (1.6.4) lib/rack/sendfile.rb:113:in `call'
  railties (4.2.5) lib/rails/engine.rb:518:in `call'
  railties (4.2.5) lib/rails/application.rb:165:in `call'
  rack (1.6.4) lib/rack/content_length.rb:15:in `call'
  puma (2.16.0) lib/puma/server.rb:557:in `handle_request'
  puma (2.16.0) lib/puma/server.rb:404:in `process_client'
  puma (2.16.0) lib/puma/server.rb:270:in `block in run'
  puma (2.16.0) lib/puma/thread_pool.rb:106:in `call'
  puma (2.16.0) lib/puma/thread_pool.rb:106:in `block in spawn_thread'


  Rendered /Users/Lumen/.rbenv/versions/2.2.5/lib/ruby/gems/2.2.0/gems/actionpack-4.2.5/lib/action_dispatch/middleware/templates/rescues/_trace.html.erb (1.4ms)
  Rendered /Users/Lumen/.rbenv/versions/2.2.5/lib/ruby/gems/2.2.0/gems/actionpack-4.2.5/lib/action_dispatch/middleware/templates/routes/_route.html.erb (1.5ms)
  Rendered /Users/Lumen/.rbenv/versions/2.2.5/lib/ruby/gems/2.2.0/gems/actionpack-4.2.5/lib/action_dispatch/middleware/templates/routes/_table.html.erb (1.6ms)
  Rendered /Users/Lumen/.rbenv/versions/2.2.5/lib/ruby/gems/2.2.0/gems/actionpack-4.2.5/lib/action_dispatch/middleware/templates/rescues/_request_and_response.html.erb (1.1ms)
  Rendered /Users/Lumen/.rbenv/versions/2.2.5/lib/ruby/gems/2.2.0/gems/actionpack-4.2.5/lib/action_dispatch/middleware/templates/rescues/routing_error.html.erb within rescues/layout (114.9ms)


Started GET "/manuscripts_path" for ::1 at 2017-03-19 01:04:44 -0400

ActionController::RoutingError (No route matches [GET] "/manuscripts_path"):
  actionpack (4.2.5) lib/action_dispatch/middleware/debug_exceptions.rb:21:in `call'
  actionpack (4.2.5) lib/action_dispatch/middleware/show_exceptions.rb:30:in `call'
  railties (4.2.5) lib/rails/rack/logger.rb:38:in `call_app'
  railties (4.2.5) lib/rails/rack/logger.rb:20:in `block in call'
  activesupport (4.2.5) lib/active_support/tagged_logging.rb:68:in `block in tagged'
  activesupport (4.2.5) lib/active_support/tagged_logging.rb:26:in `tagged'
  activesupport (4.2.5) lib/active_support/tagged_logging.rb:68:in `tagged'
  railties (4.2.5) lib/rails/rack/logger.rb:20:in `call'
  sprockets-rails (3.2.0) lib/sprockets/rails/quiet_assets.rb:13:in `call'
  actionpack (4.2.5) lib/action_dispatch/middleware/request_id.rb:21:in `call'
  rack (1.6.4) lib/rack/methodoverride.rb:22:in `call'
  rack (1.6.4) lib/rack/runtime.rb:18:in `call'
  activesupport (4.2.5) lib/active_support/cache/strategy/local_cache_middleware.rb:28:in `call'
  rack (1.6.4) lib/rack/lock.rb:17:in `call'
  actionpack (4.2.5) lib/action_dispatch/middleware/static.rb:116:in `call'
  rack (1.6.4) lib/rack/sendfile.rb:113:in `call'
  railties (4.2.5) lib/rails/engine.rb:518:in `call'
  railties (4.2.5) lib/rails/application.rb:165:in `call'
  rack (1.6.4) lib/rack/content_length.rb:15:in `call'
  puma (2.16.0) lib/puma/server.rb:557:in `handle_request'
  puma (2.16.0) lib/puma/server.rb:404:in `process_client'
  puma (2.16.0) lib/puma/server.rb:270:in `block in run'
  puma (2.16.0) lib/puma/thread_pool.rb:106:in `call'
  puma (2.16.0) lib/puma/thread_pool.rb:106:in `block in spawn_thread'


  Rendered /Users/Lumen/.rbenv/versions/2.2.5/lib/ruby/gems/2.2.0/gems/actionpack-4.2.5/lib/action_dispatch/middleware/templates/rescues/_trace.html.erb (1.9ms)
  Rendered /Users/Lumen/.rbenv/versions/2.2.5/lib/ruby/gems/2.2.0/gems/actionpack-4.2.5/lib/action_dispatch/middleware/templates/routes/_route.html.erb (2.6ms)
  Rendered /Users/Lumen/.rbenv/versions/2.2.5/lib/ruby/gems/2.2.0/gems/actionpack-4.2.5/lib/action_dispatch/middleware/templates/routes/_table.html.erb (1.4ms)
  Rendered /Users/Lumen/.rbenv/versions/2.2.5/lib/ruby/gems/2.2.0/gems/actionpack-4.2.5/lib/action_dispatch/middleware/templates/rescues/_request_and_response.html.erb (1.5ms)
  Rendered /Users/Lumen/.rbenv/versions/2.2.5/lib/ruby/gems/2.2.0/gems/actionpack-4.2.5/lib/action_dispatch/middleware/templates/rescues/routing_error.html.erb within rescues/layout (125.9ms)


Started GET "/manuscripts" for ::1 at 2017-03-19 01:05:14 -0400
Processing by ManuscriptsController#index as HTML
  [1m[35mManuscript Load (0.4ms)[0m  SELECT `manuscripts`.* FROM `manuscripts`
  Rendered manuscripts/index.html.erb within layouts/application (1.4ms)
Completed 500 Internal Server Error in 37ms (ActiveRecord: 0.4ms)

ActionView::Template::Error (couldn't find file 'action_cable' with type 'application/javascript'
Checked in these paths: 
  /Users/Lumen/workspace/paper-sizer/app/assets/config
  /Users/Lumen/workspace/paper-sizer/app/assets/images
  /Users/Lumen/workspace/paper-sizer/app/assets/javascripts
  /Users/Lumen/workspace/paper-sizer/app/assets/stylesheets
  /Users/Lumen/workspace/paper-sizer/vendor/assets/javascripts
  /Users/Lumen/workspace/paper-sizer/vendor/assets/stylesheets
  /Users/Lumen/.rbenv/versions/2.2.5/lib/ruby/gems/2.2.0/gems/jquery-cropper-2.3.2/app/assets/javascripts
  /Users/Lumen/.rbenv/versions/2.2.5/lib/ruby/gems/2.2.0/gems/jquery-cropper-2.3.2/app/assets/stylesheets
  /Users/Lumen/.rbenv/versions/2.2.5/lib/ruby/gems/2.2.0/gems/rails-jquery-autocomplete-1.0.3/lib/assets/javascripts
  /Users/Lumen/.rbenv/versions/2.2.5/lib/ruby/gems/2.2.0/gems/jquery-turbolinks-2.1.0/vendor/assets/javascripts
  /Users/Lumen/.rbenv/versions/2.2.5/lib/ruby/gems/2.2.0/gems/turbolinks-2.5.3/lib/assets/javascripts
  /Users/Lumen/.rbenv/versions/2.2.5/lib/ruby/gems/2.2.0/gems/jquery-ui-rails-5.0.5/app/assets/images
  /Users/Lumen/.rbenv/versions/2.2.5/lib/ruby/gems/2.2.0/gems/jquery-ui-rails-5.0.5/app/assets/javascripts
  /Users/Lumen/.rbenv/versions/2.2.5/lib/ruby/gems/2.2.0/gems/jquery-ui-rails-5.0.5/app/assets/stylesheets
  /Users/Lumen/.rbenv/versions/2.2.5/lib/ruby/gems/2.2.0/gems/jquery-rails-4.1.1/vendor/assets/javascripts
  /Users/Lumen/.rbenv/versions/2.2.5/lib/ruby/gems/2.2.0/gems/coffee-rails-4.1.1/lib/assets/javascripts):
    4:     <title>PaperSizer</title>
    5:     <%= csrf_meta_tags %>
    6: 
    7:     <%= stylesheet_link_tag    'application', media: 'all', 'data-turbolinks-track': 'reload' %>
    8:     <%= javascript_include_tag 'application', 'data-turbolinks-track': 'reload' %>
    9:   </head>
   10: 
  app/assets/javascripts/cable.js:4
  app/views/layouts/application.html.erb:7:in `_app_views_layouts_application_html_erb__2017740482555181611_70105046837060'


  Rendered /Users/Lumen/.rbenv/versions/2.2.5/lib/ruby/gems/2.2.0/gems/actionpack-4.2.5/lib/action_dispatch/middleware/templates/rescues/_source.erb (14.9ms)
  Rendered /Users/Lumen/.rbenv/versions/2.2.5/lib/ruby/gems/2.2.0/gems/actionpack-4.2.5/lib/action_dispatch/middleware/templates/rescues/_trace.html.erb (6.7ms)
  Rendered /Users/Lumen/.rbenv/versions/2.2.5/lib/ruby/gems/2.2.0/gems/actionpack-4.2.5/lib/action_dispatch/middleware/templates/rescues/_request_and_response.html.erb (1.1ms)
  Rendered /Users/Lumen/.rbenv/versions/2.2.5/lib/ruby/gems/2.2.0/gems/actionpack-4.2.5/lib/action_dispatch/middleware/templates/rescues/template_error.html.erb within rescues/layout (115.8ms)
